#
# There is insufficient memory for the Java Runtime Environment to continue.
# Native memory allocation (mmap) failed to map 266338304 bytes. Error detail: G1 virtual space
# Possible reasons:
#   The system is out of physical RAM or swap space
#   This process is running with CompressedOops enabled, and the Java Heap may be blocking the growth of the native heap
# Possible solutions:
#   Reduce memory load on the system
#   Increase physical memory or swap space
#   Check if swap backing store is full
#   Decrease Java heap size (-Xmx/-Xms)
#   Decrease number of Java threads
#   Decrease Java thread stack sizes (-Xss)
#   Set larger code cache with -XX:ReservedCodeCacheSize=
#   JVM is running with Zero Based Compressed Oops mode in which the Java heap is
#     placed in the first 32GB address space. The Java Heap base address is the
#     maximum limit for the native heap growth. Please use -XX:HeapBaseMinAddress
#     to set the Java Heap base and to place the Java Heap above 32GB virtual address.
# This output file may be truncated or incomplete.
#
#  Out of Memory Error (os_windows.cpp:3631), pid=1128, tid=20356
#
# JRE version:  (22.0+36) (build )
# Java VM: Java HotSpot(TM) 64-Bit Server VM (22+36-2370, mixed mode, sharing, tiered, compressed oops, compressed class ptrs, g1 gc, windows-amd64)
# No core dump will be written. Minidumps are not enabled by default on client versions of Windows
#

---------------  S U M M A R Y ------------

Command Line: -Dfile.encoding=UTF-8 --module-path=C:\Users\DELL\Desktop\Theodore\Computer Science\Year 2 Semester 1\PRG621S\Food Ordering System\build\classes food.ordering.system.PlaceOrder

Host: Intel(R) Core(TM) i7-8565U CPU @ 1.80GHz, 8 cores, 15G,  Windows 10 , 64 bit Build 19041 (10.0.19041.3636)
Time: Fri Apr 26 17:00:52 2024 Namibia Standard Time elapsed time: 0.019125 seconds (0d 0h 0m 0s)

---------------  T H R E A D  ---------------

Current thread (0x000001dfac70c180):  JavaThread "Unknown thread" [_thread_in_vm, id=20356, stack(0x0000004c49700000,0x0000004c49800000) (1024K)]

Stack: [0x0000004c49700000,0x0000004c49800000]
Native frames: (J=compiled Java code, j=interpreted, Vv=VM code, C=native code)
V  [jvm.dll+0x6e2349]  (no source info available)
V  [jvm.dll+0x874ed3]  (no source info available)
V  [jvm.dll+0x8772fe]  (no source info available)
V  [jvm.dll+0x8779d3]  (no source info available)
V  [jvm.dll+0x27fcb6]  (no source info available)
V  [jvm.dll+0x6de9e5]  (no source info available)
V  [jvm.dll+0x6d34ea]  (no source info available)
V  [jvm.dll+0x35892a]  (no source info available)
V  [jvm.dll+0x360e56]  (no source info available)
V  [jvm.dll+0x3b3d7e]  (no source info available)
V  [jvm.dll+0x3b4028]  (no source info available)
V  [jvm.dll+0x32c4ec]  (no source info available)
V  [jvm.dll+0x32d0a8]  (no source info available)
V  [jvm.dll+0x83cd9c]  (no source info available)
V  [jvm.dll+0x3c0cc1]  (no source info available)
V  [jvm.dll+0x825d8c]  (no source info available)
V  [jvm.dll+0x45b9ee]  (no source info available)
V  [jvm.dll+0x45d871]  (no source info available)
C  [jli.dll+0x52a3]  (no source info available)
C  [ucrtbase.dll+0x21bb2]  (no source info available)
C  [KERNEL32.DLL+0x17344]  (no source info available)
C  [ntdll.dll+0x526b1]  (no source info available)


---------------  P R O C E S S  ---------------

Threads class SMR info:
_java_thread_list=0x00007ffc9152c1c8, length=0, elements={
}

Java Threads: ( => current thread )
Total: 0

Other Threads:
  0x000001dfac9e4100 WorkerThread "GC Thread#0"                     [id=18892, stack(0x0000004c49800000,0x0000004c49900000) (1024K)]
  0x000001dfac9f4df0 ConcurrentGCThread "G1 Main Marker"            [id=13608, stack(0x0000004c49900000,0x0000004c49a00000) (1024K)]
  0x000001dfac9f5fb0 WorkerThread "G1 Conc#0"                       [id=19616, stack(0x0000004c49a00000,0x0000004c49b00000) (1024K)]

[error occurred during error reporting (printing all threads), id 0xc0000005, EXCEPTION_ACCESS_VIOLATION (0xc0000005) at pc=0x00007ffc90c7f2b7]
VM state: not at safepoint (not fully initialized)

VM Mutex/Monitor currently owned by a thread:  ([mutex/lock_event])
[0x00007ffc915accc8] Heap_lock - owner thread: 0x000001dfac70c180

Heap address: 0x0000000703c00000, size: 4036 MB, Compressed Oops mode: Zero based, Oop shift amount: 3

CDS archive(s) mapped at: [0x0000000000000000-0x0000000000000000-0x0000000000000000), size 0, SharedBaseAddress: 0x0000000800000000, ArchiveRelocationMode: 1.
Narrow klass base: 0x0000000000000000, Narrow klass shift: 0, Narrow klass range: 0x0

GC Precious Log:
 CardTable entry size: 512
 Card Set container configuration: InlinePtr #cards 4 size 8 Array Of Cards #cards 16 size 48 Howl #buckets 8 coarsen threshold 3686 Howl Bitmap #cards 512 size 80 coarsen threshold 460 Card regions per heap region 1 cards per card region 4096

Heap:
 garbage-first heap   total reserved 4132864K, committed 0K, used 0K [0x0000000703c00000, 0x0000000800000000)
  region size 2048K, 0 young (0K), 0 survivors (0K)

[error occurred during error reporting (printing heap information), id 0xc0000005, EXCEPTION_ACCESS_VIOLATION (0xc0000005) at pc=0x00007ffc9107e4e9]
GC Heap History (0 events):
No events

Dll operation events (1 events):
Event: 0.008 Loaded shared library C:\Program Files\Java\jdk-22\bin\java.dll

Deoptimization events (0 events):
No events

Classes loaded (0 events):
No events

Classes unloaded (0 events):
No events

Classes redefined (0 events):
No events

Internal exceptions (0 events):
No events

ZGC Phase Switch (0 events):
No events

VM Operations (0 events):
No events

Events (0 events):
No events


Dynamic libraries:
0x00007ff6b27e0000 - 0x00007ff6b27f0000 	C:\Program Files\Java\jdk-22\bin\java.exe
0x00007ffce8070000 - 0x00007ffce8268000 	C:\WINDOWS\SYSTEM32\ntdll.dll
0x00007ffce7db0000 - 0x00007ffce7e6d000 	C:\WINDOWS\System32\KERNEL32.DLL
0x00007ffce5720000 - 0x00007ffce5a16000 	C:\WINDOWS\System32\KERNELBASE.dll
0x00007ffce5a20000 - 0x00007ffce5b20000 	C:\WINDOWS\System32\ucrtbase.dll
0x00007ffccdf40000 - 0x00007ffccdf57000 	C:\Program Files\Java\jdk-22\bin\jli.dll
0x00007ffce1590000 - 0x00007ffce15ab000 	C:\Program Files\Java\jdk-22\bin\VCRUNTIME140.dll
0x00007ffce7300000 - 0x00007ffce73b0000 	C:\WINDOWS\System32\ADVAPI32.dll
0x00007ffce6e90000 - 0x00007ffce6f2e000 	C:\WINDOWS\System32\msvcrt.dll
0x00007ffce6f30000 - 0x00007ffce6fd0000 	C:\WINDOWS\System32\sechost.dll
0x00007ffce6fd0000 - 0x00007ffce70f3000 	C:\WINDOWS\System32\RPCRT4.dll
0x00007ffce5c30000 - 0x00007ffce5c57000 	C:\WINDOWS\System32\bcrypt.dll
0x00007ffce7100000 - 0x00007ffce729f000 	C:\WINDOWS\System32\USER32.dll
0x00007ffcd1610000 - 0x00007ffcd18aa000 	C:\WINDOWS\WinSxS\amd64_microsoft.windows.common-controls_6595b64144ccf1df_6.0.19041.3636_none_60b6a03d71f818d5\COMCTL32.dll
0x00007ffce6020000 - 0x00007ffce6042000 	C:\WINDOWS\System32\win32u.dll
0x00007ffce7410000 - 0x00007ffce743b000 	C:\WINDOWS\System32\GDI32.dll
0x00007ffce5c60000 - 0x00007ffce5d77000 	C:\WINDOWS\System32\gdi32full.dll
0x00007ffce5b90000 - 0x00007ffce5c2d000 	C:\WINDOWS\System32\msvcp_win.dll
0x00007ffcdfde0000 - 0x00007ffcdfdea000 	C:\WINDOWS\SYSTEM32\VERSION.dll
0x00007ffce7440000 - 0x00007ffce7472000 	C:\WINDOWS\System32\IMM32.DLL
0x00007ffce0fb0000 - 0x00007ffce0fbc000 	C:\Program Files\Java\jdk-22\bin\vcruntime140_1.dll
0x00007ffcafd60000 - 0x00007ffcafdee000 	C:\Program Files\Java\jdk-22\bin\msvcp140.dll
0x00007ffc90940000 - 0x00007ffc91688000 	C:\Program Files\Java\jdk-22\bin\server\jvm.dll
0x00007ffce7650000 - 0x00007ffce76bb000 	C:\WINDOWS\System32\WS2_32.dll
0x00007ffce4cb0000 - 0x00007ffce4cfb000 	C:\WINDOWS\SYSTEM32\POWRPROF.dll
0x00007ffcd0e20000 - 0x00007ffcd0e47000 	C:\WINDOWS\SYSTEM32\WINMM.dll
0x00007ffce4b20000 - 0x00007ffce4b32000 	C:\WINDOWS\SYSTEM32\UMPDC.dll
0x00007ffce3590000 - 0x00007ffce35a2000 	C:\WINDOWS\SYSTEM32\kernel.appcore.dll
0x00007ffce0fa0000 - 0x00007ffce0faa000 	C:\Program Files\Java\jdk-22\bin\jimage.dll
0x00007ffcde180000 - 0x00007ffcde364000 	C:\WINDOWS\SYSTEM32\DBGHELP.DLL
0x00007ffcde080000 - 0x00007ffcde0b4000 	C:\WINDOWS\SYSTEM32\dbgcore.DLL
0x00007ffce5d80000 - 0x00007ffce5e02000 	C:\WINDOWS\System32\bcryptPrimitives.dll
0x00007ffcdd1a0000 - 0x00007ffcdd1be000 	C:\Program Files\Java\jdk-22\bin\java.dll
0x00007ffce60a0000 - 0x00007ffce680b000 	C:\WINDOWS\System32\SHELL32.dll
0x00007ffce7760000 - 0x00007ffce788b000 	C:\WINDOWS\System32\ole32.dll
0x00007ffce6820000 - 0x00007ffce6b73000 	C:\WINDOWS\System32\combase.dll

dbghelp: loaded successfully - version: 4.0.5 - missing functions: none
symbol engine: initialized successfully - sym options: 0x614 - pdb path: .;C:\Program Files\Java\jdk-22\bin;C:\WINDOWS\SYSTEM32;C:\WINDOWS\WinSxS\amd64_microsoft.windows.common-controls_6595b64144ccf1df_6.0.19041.3636_none_60b6a03d71f818d5;C:\Program Files\Java\jdk-22\bin\server

VM Arguments:
jvm_args: -Dfile.encoding=UTF-8 --module-path=C:\Users\DELL\Desktop\Theodore\Computer Science\Year 2 Semester 1\PRG621S\Food Ordering System\build\classes 
java_command: food.ordering.system.PlaceOrder
java_class_path (initial): C:\Users\DELL\Desktop\Theodore\Computer Science\Year 2 Semester 1\PRG621S\Food Ordering System\lib\absolutelayout\AbsoluteLayout.jar;C:\Users\DELL\Desktop\Theodore\Computer Science\Year 2 Semester 1\PRG621S\Food Ordering System\lib\mysql-connector-j-8.0.33.jar;C:\Users\DELL\Desktop\Theodore\Computer Science\Year 2 Semester 1\PRG621S\Food Ordering System\lib\itext.jar;C:\Users\DELL\Desktop\Theodore\Computer Science\Year 2 Semester 1\PRG621S\Food Ordering System\build\classes
Launcher Type: SUN_STANDARD

[Global flags]
     intx CICompilerCount                          = 4                                         {product} {ergonomic}
     uint ConcGCThreads                            = 2                                         {product} {ergonomic}
     uint G1ConcRefinementThreads                  = 8                                         {product} {ergonomic}
   size_t G1HeapRegionSize                         = 2097152                                   {product} {ergonomic}
   size_t InitialHeapSize                          = 266338304                                 {product} {ergonomic}
   size_t MarkStackSize                            = 4194304                                   {product} {ergonomic}
   size_t MaxHeapSize                              = 4232052736                                {product} {ergonomic}
   size_t MinHeapDeltaBytes                        = 2097152                                   {product} {ergonomic}
   size_t MinHeapSize                              = 8388608                                   {product} {ergonomic}
    uintx NonNMethodCodeHeapSize                   = 5839372                                {pd product} {ergonomic}
    uintx NonProfiledCodeHeapSize                  = 122909434                              {pd product} {ergonomic}
    uintx ProfiledCodeHeapSize                     = 122909434                              {pd product} {ergonomic}
    uintx ReservedCodeCacheSize                    = 251658240                              {pd product} {ergonomic}
     bool SegmentedCodeCache                       = true                                      {product} {ergonomic}
   size_t SoftMaxHeapSize                          = 4232052736                             {manageable} {ergonomic}
     bool UseCompressedOops                        = true                           {product lp64_product} {ergonomic}
     bool UseG1GC                                  = true                                      {product} {ergonomic}
     bool UseLargePagesIndividualAllocation        = false                                  {pd product} {ergonomic}

Logging:
Log output configuration:
 #0: stdout all=warning uptime,level,tags foldmultilines=false
 #1: stderr all=off uptime,level,tags foldmultilines=false

Environment Variables:
JAVA_HOME=C:\Users\DELL\AppData\Local\Programs\Eclipse Adoptium\jdk-17.0.7.7-hotspot\
PATH=C:\Program Files (x86)\VMware\VMware Workstation\bin\;C:\Program Files\Common Files\Oracle\Java\javapath;C:\Program Files (x86)\Common Files\Oracle\Java\javapath;C:\WINDOWS\system32;C:\WINDOWS;C:\WINDOWS\System32\Wbem;C:\WINDOWS\System32\WindowsPowerShell\v1.0\;C:\WINDOWS\System32\OpenSSH\;C:\Program Files (x86)\Microsoft SQL Server\160\Tools\Binn\;C:\Program Files\Microsoft SQL Server\160\Tools\Binn\;C:\Program Files\Microsoft SQL Server\Client SDK\ODBC\170\Tools\Binn\;C:\Program Files\Microsoft SQL Server\160\DTS\Binn\;C:\Program Files (x86)\Microsoft SQL Server\160\DTS\Binn\;C:\Program Files\Azure Data Studio\bin;C:\Program Files\Git\cmd;C:\Users\DELL\AppData\Local\Programs\Eclipse Adoptium\jdk-17.0.7.7-hotspot\bin;C:\Users\DELL\AppData\Local\Microsoft\WindowsApps;C:\Users\DELL\AppData\Local\Programs\Microsoft VS Code\bin;C:\Users\DELL\AppData\Local\JetBrains\Toolbox\scripts;;C:\Program Files\JetBrains\IntelliJ IDEA Community Edition 2023.1.3\bin;;C:\Program Files\Azure Data Studio\bin
USERNAME=DELL
OS=Windows_NT
PROCESSOR_IDENTIFIER=Intel64 Family 6 Model 142 Stepping 11, GenuineIntel
TMP=C:\Users\DELL\AppData\Local\Temp
TEMP=C:\Users\DELL\AppData\Local\Temp




Periodic native trim disabled

---------------  S Y S T E M  ---------------

OS:
 Windows 10 , 64 bit Build 19041 (10.0.19041.3636)
OS uptime: 15 days 0:24 hours

CPU: total 8 (initial active 8) (4 cores per cpu, 2 threads per core) family 6 model 142 stepping 11 microcode 0xf0, cx8, cmov, fxsr, ht, mmx, 3dnowpref, sse, sse2, sse3, ssse3, sse4.1, sse4.2, popcnt, lzcnt, tsc, tscinvbit, avx, avx2, aes, erms, clmul, bmi1, bmi2, adx, fma, vzeroupper, clflush, clflushopt, rdtscp, f16c
Processor Information for all 8 processors :
  Max Mhz: 1992, Current Mhz: 1792, Mhz Limit: 1792

Memory: 4k page, system-wide physical 16142M (2660M free)
TotalPageFile size 46564M (AvailPageFile size 187M)
current process WorkingSet (physical memory assigned to process): 11M, peak: 11M
current process commit charge ("private bytes"): 60M, peak: 314M

vm_info: Java HotSpot(TM) 64-Bit Server VM (22+36-2370) for windows-amd64 JRE (22+36-2370), built on 2024-02-15T22:15:19Z by "mach5one" with MS VC++ 17.6 (VS2022)

END.
