#
# There is insufficient memory for the Java Runtime Environment to continue.
# Native memory allocation (malloc) failed to allocate 819376 bytes. Error detail: Chunk::new
# Possible reasons:
#   The system is out of physical RAM or swap space
#   This process is running with CompressedOops enabled, and the Java Heap may be blocking the growth of the native heap
# Possible solutions:
#   Reduce memory load on the system
#   Increase physical memory or swap space
#   Check if swap backing store is full
#   Decrease Java heap size (-Xmx/-Xms)
#   Decrease number of Java threads
#   Decrease Java thread stack sizes (-Xss)
#   Set larger code cache with -XX:ReservedCodeCacheSize=
#   JVM is running with Zero Based Compressed Oops mode in which the Java heap is
#     placed in the first 32GB address space. The Java Heap base address is the
#     maximum limit for the native heap growth. Please use -XX:HeapBaseMinAddress
#     to set the Java Heap base and to place the Java Heap above 32GB virtual address.
# This output file may be truncated or incomplete.
#
#  Out of Memory Error (arena.cpp:150), pid=17860, tid=8208
#
# JRE version: Java(TM) SE Runtime Environment (22.0+36) (build 22+36-2370)
# Java VM: Java HotSpot(TM) 64-Bit Server VM (22+36-2370, mixed mode, sharing, tiered, compressed oops, compressed class ptrs, g1 gc, windows-amd64)
# No core dump will be written. Minidumps are not enabled by default on client versions of Windows
#

---------------  S U M M A R Y ------------

Command Line: -Dfile.encoding=UTF-8 --module-path=C:\Users\DELL\Desktop\Theodore\Computer Science\Year 2 Semester 1\PRG621S\Food Ordering System\build\classes food.ordering.system.Login

Host: Intel(R) Core(TM) i7-8565U CPU @ 1.80GHz, 8 cores, 15G,  Windows 10 , 64 bit Build 19041 (10.0.19041.3636)
Time: Fri Apr 26 17:18:53 2024 Namibia Standard Time elapsed time: 19.395336 seconds (0d 0h 0m 19s)

---------------  T H R E A D  ---------------

Current thread (0x0000023a463a47f0):  JavaThread "C2 CompilerThread1" daemon [_thread_in_native, id=8208, stack(0x000000a524200000,0x000000a524300000) (1024K)]


Current CompileTask:
C2:19395 2485       4       sun.security.ec.ECOperations::setDouble (463 bytes)

Stack: [0x000000a524200000,0x000000a524300000]
Native frames: (J=compiled Java code, j=interpreted, Vv=VM code, C=native code)
V  [jvm.dll+0x6e2349]  (no source info available)
V  [jvm.dll+0x874ed3]  (no source info available)
V  [jvm.dll+0x8772fe]  (no source info available)
V  [jvm.dll+0x8779d3]  (no source info available)
V  [jvm.dll+0x27fcb6]  (no source info available)
V  [jvm.dll+0xc3d0f]  (no source info available)
V  [jvm.dll+0xc3f6b]  (no source info available)
V  [jvm.dll+0x2f3b6f]  (no source info available)
V  [jvm.dll+0x60bd8a]  (no source info available)
V  [jvm.dll+0x2499d6]  (no source info available)
V  [jvm.dll+0x246eb6]  (no source info available)
V  [jvm.dll+0x1c4e90]  (no source info available)
V  [jvm.dll+0x25699e]  (no source info available)
V  [jvm.dll+0x254c5a]  (no source info available)
V  [jvm.dll+0x3f5426]  (no source info available)
V  [jvm.dll+0x81d50b]  (no source info available)
V  [jvm.dll+0x6e09e5]  (no source info available)
C  [ucrtbase.dll+0x21bb2]  (no source info available)
C  [KERNEL32.DLL+0x17344]  (no source info available)
C  [ntdll.dll+0x526b1]  (no source info available)


---------------  P R O C E S S  ---------------

Threads class SMR info:
_java_thread_list=0x0000023a4663fd30, length=19, elements={
0x0000023a79254c80, 0x0000023a792560b0, 0x0000023a79262b00, 0x0000023a792639c0,
0x0000023a79264e40, 0x0000023a792658a0, 0x0000023a79274570, 0x0000023a79278450,
0x0000023a4518caf0, 0x0000023a452899b0, 0x0000023a454439f0, 0x0000023a454478c0,
0x0000023a45450480, 0x0000023a4549a320, 0x0000023a5821a670, 0x0000023a464cec90,
0x0000023a46aa0840, 0x0000023a463a47f0, 0x0000023a46335ad0
}

Java Threads: ( => current thread )
  0x0000023a79254c80 JavaThread "Reference Handler"          daemon [_thread_blocked, id=15148, stack(0x000000a522800000,0x000000a522900000) (1024K)]
  0x0000023a792560b0 JavaThread "Finalizer"                  daemon [_thread_blocked, id=13872, stack(0x000000a522900000,0x000000a522a00000) (1024K)]
  0x0000023a79262b00 JavaThread "Signal Dispatcher"          daemon [_thread_blocked, id=15736, stack(0x000000a522a00000,0x000000a522b00000) (1024K)]
  0x0000023a792639c0 JavaThread "Attach Listener"            daemon [_thread_blocked, id=14664, stack(0x000000a522b00000,0x000000a522c00000) (1024K)]
  0x0000023a79264e40 JavaThread "Service Thread"             daemon [_thread_blocked, id=5632, stack(0x000000a522c00000,0x000000a522d00000) (1024K)]
  0x0000023a792658a0 JavaThread "Monitor Deflation Thread"   daemon [_thread_blocked, id=5560, stack(0x000000a522d00000,0x000000a522e00000) (1024K)]
  0x0000023a79274570 JavaThread "C2 CompilerThread0"         daemon [_thread_blocked, id=19288, stack(0x000000a522e00000,0x000000a522f00000) (1024K)]
  0x0000023a79278450 JavaThread "C1 CompilerThread0"         daemon [_thread_blocked, id=19800, stack(0x000000a522f00000,0x000000a523000000) (1024K)]
  0x0000023a4518caf0 JavaThread "Common-Cleaner"             daemon [_thread_blocked, id=8388, stack(0x000000a523000000,0x000000a523100000) (1024K)]
  0x0000023a452899b0 JavaThread "Notification Thread"        daemon [_thread_blocked, id=2808, stack(0x000000a523100000,0x000000a523200000) (1024K)]
  0x0000023a454439f0 JavaThread "Java2D Disposer"            daemon [_thread_blocked, id=12468, stack(0x000000a523300000,0x000000a523400000) (1024K)]
  0x0000023a454478c0 JavaThread "AWT-Shutdown"                      [_thread_blocked, id=7660, stack(0x000000a523400000,0x000000a523500000) (1024K)]
  0x0000023a45450480 JavaThread "AWT-Windows"                daemon [_thread_in_native, id=18368, stack(0x000000a523500000,0x000000a523600000) (1024K)]
  0x0000023a4549a320 JavaThread "AWT-EventQueue-0"                  [_thread_in_vm, id=12464, stack(0x000000a523600000,0x000000a523700000) (1024K)]
  0x0000023a5821a670 JavaThread "DestroyJavaVM"                     [_thread_blocked, id=1212, stack(0x000000a522000000,0x000000a522100000) (1024K)]
  0x0000023a464cec90 JavaThread "TimerQueue"                 daemon [_thread_blocked, id=8720, stack(0x000000a523b00000,0x000000a523c00000) (1024K)]
  0x0000023a46aa0840 JavaThread "mysql-cj-abandoned-connection-cleanup" daemon [_thread_blocked, id=16184, stack(0x000000a524100000,0x000000a524200000) (1024K)]
=>0x0000023a463a47f0 JavaThread "C2 CompilerThread1"         daemon [_thread_in_native, id=8208, stack(0x000000a524200000,0x000000a524300000) (1024K)]
  0x0000023a46335ad0 JavaThread "C2 CompilerThread2"         daemon [_thread_blocked, id=11488, stack(0x000000a524300000,0x000000a524400000) (1024K)]
Total: 19

Other Threads:
  0x0000023a7923ae00 VMThread "VM Thread"                           [id=16984, stack(0x000000a522700000,0x000000a522800000) (1024K)]
  0x0000023a79223df0 WatcherThread "VM Periodic Task Thread"        [id=13916, stack(0x000000a522600000,0x000000a522700000) (1024K)]
  0x0000023a5a323640 WorkerThread "GC Thread#0"                     [id=16876, stack(0x000000a522100000,0x000000a522200000) (1024K)]
  0x0000023a4600ac70 WorkerThread "GC Thread#1"                     [id=11060, stack(0x000000a523200000,0x000000a523300000) (1024K)]
  0x0000023a46857de0 WorkerThread "GC Thread#2"                     [id=10976, stack(0x000000a523700000,0x000000a523800000) (1024K)]
  0x0000023a4609b230 WorkerThread "GC Thread#3"                     [id=17672, stack(0x000000a523c00000,0x000000a523d00000) (1024K)]
  0x0000023a4609b5e0 WorkerThread "GC Thread#4"                     [id=15380, stack(0x000000a523d00000,0x000000a523e00000) (1024K)]
  0x0000023a46182a20 WorkerThread "GC Thread#5"                     [id=9320, stack(0x000000a523e00000,0x000000a523f00000) (1024K)]
  0x0000023a4604cd20 WorkerThread "GC Thread#6"                     [id=1780, stack(0x000000a523f00000,0x000000a524000000) (1024K)]
  0x0000023a468369d0 WorkerThread "GC Thread#7"                     [id=13168, stack(0x000000a524000000,0x000000a524100000) (1024K)]
  0x0000023a5a334420 ConcurrentGCThread "G1 Main Marker"            [id=19596, stack(0x000000a522200000,0x000000a522300000) (1024K)]
  0x0000023a5a3356d0 WorkerThread "G1 Conc#0"                       [id=17540, stack(0x000000a522300000,0x000000a522400000) (1024K)]
  0x0000023a790f1560 ConcurrentGCThread "G1 Refine#0"               [id=19724, stack(0x000000a522400000,0x000000a522500000) (1024K)]
  0x0000023a790f1f80 ConcurrentGCThread "G1 Service"                [id=3684, stack(0x000000a522500000,0x000000a522600000) (1024K)]
Total: 14

Threads with active compile tasks:
C2 CompilerThread1  19444 2485       4       sun.security.ec.ECOperations::setDouble (463 bytes)
Total: 1

VM state: not at safepoint (normal execution)

VM Mutex/Monitor currently owned by a thread:  ([mutex/lock_event])
[0x00007ffc915aab48] Metaspace_lock - owner thread: 0x0000023a4549a320

Heap address: 0x0000000703c00000, size: 4036 MB, Compressed Oops mode: Zero based, Oop shift amount: 3

CDS archive(s) mapped at: [0x0000023a00000000-0x0000023a00c60000-0x0000023a00c60000), size 12976128, SharedBaseAddress: 0x0000023a00000000, ArchiveRelocationMode: 1.
Compressed class space mapped at: 0x0000023a01000000-0x0000023a41000000, reserved size: 1073741824
Narrow klass base: 0x0000023a00000000, Narrow klass shift: 0, Narrow klass range: 0x41000000

GC Precious Log:
 CardTable entry size: 512
 Card Set container configuration: InlinePtr #cards 4 size 8 Array Of Cards #cards 16 size 48 Howl #buckets 8 coarsen threshold 3686 Howl Bitmap #cards 512 size 80 coarsen threshold 460 Card regions per heap region 1 cards per card region 4096
 CPUs: 8 total, 8 available
 Memory: 16142M
 Large Page Support: Disabled
 NUMA Support: Disabled
 Compressed Oops: Enabled (Zero based)
 Heap Region Size: 2M
 Heap Min Capacity: 8M
 Heap Initial Capacity: 254M
 Heap Max Capacity: 4036M
 Pre-touch: Disabled
 Parallel Workers: 8
 Concurrent Workers: 2
 Concurrent Refinement Workers: 8
 Periodic GC: Disabled

Heap:
 garbage-first heap   total reserved 4132864K, committed 260096K, used 36864K [0x0000000703c00000, 0x0000000800000000)
  region size 2048K, 11 young (22528K), 2 survivors (4096K)
 Metaspace       used 19262K, committed 19520K, reserved 1114112K
  class space    used 2157K, committed 2304K, reserved 1048576K

Heap Regions: E=young(eden), S=young(survivor), O=old, HS=humongous(starts), HC=humongous(continues), CS=collection set, F=free, TAMS=top-at-mark-start, PB=parsable bottom
|   0|0x0000000703c00000, 0x0000000703e00000, 0x0000000703e00000|100%|HS|  |TAMS 0x0000000703c00000| PB 0x0000000703c00000| Complete |  0
|   1|0x0000000703e00000, 0x0000000704000000, 0x0000000704000000|100%|HC|  |TAMS 0x0000000703e00000| PB 0x0000000703e00000| Complete |  0
|   2|0x0000000704000000, 0x0000000704200000, 0x0000000704200000|100%|HC|  |TAMS 0x0000000704000000| PB 0x0000000704000000| Complete |  0
|   3|0x0000000704200000, 0x0000000704400000, 0x0000000704400000|100%|HC|  |TAMS 0x0000000704200000| PB 0x0000000704200000| Complete |  0
|   4|0x0000000704400000, 0x0000000704600000, 0x0000000704600000|100%|HS|  |TAMS 0x0000000704400000| PB 0x0000000704400000| Complete |  0
|   5|0x0000000704600000, 0x0000000704800000, 0x0000000704800000|100%|HC|  |TAMS 0x0000000704600000| PB 0x0000000704600000| Complete |  0
|   6|0x0000000704800000, 0x0000000704a00000, 0x0000000704a00000|100%|HC|  |TAMS 0x0000000704800000| PB 0x0000000704800000| Complete |  0
|   7|0x0000000704a00000, 0x0000000704c00000, 0x0000000704c00000|100%|HC|  |TAMS 0x0000000704a00000| PB 0x0000000704a00000| Complete |  0
|   8|0x0000000704c00000, 0x0000000704c00000, 0x0000000704e00000|  0%| F|  |TAMS 0x0000000704c00000| PB 0x0000000704c00000| Untracked |  0
|   9|0x0000000704e00000, 0x0000000704e00000, 0x0000000705000000|  0%| F|  |TAMS 0x0000000704e00000| PB 0x0000000704e00000| Untracked |  0
|  10|0x0000000705000000, 0x0000000705000000, 0x0000000705200000|  0%| F|  |TAMS 0x0000000705000000| PB 0x0000000705000000| Untracked |  0
|  11|0x0000000705200000, 0x0000000705200000, 0x0000000705400000|  0%| F|  |TAMS 0x0000000705200000| PB 0x0000000705200000| Untracked |  0
|  12|0x0000000705400000, 0x0000000705400000, 0x0000000705600000|  0%| F|  |TAMS 0x0000000705400000| PB 0x0000000705400000| Untracked |  0
|  13|0x0000000705600000, 0x0000000705600000, 0x0000000705800000|  0%| F|  |TAMS 0x0000000705600000| PB 0x0000000705600000| Untracked |  0
|  14|0x0000000705800000, 0x0000000705800000, 0x0000000705a00000|  0%| F|  |TAMS 0x0000000705800000| PB 0x0000000705800000| Untracked |  0
|  15|0x0000000705a00000, 0x0000000705a00000, 0x0000000705c00000|  0%| F|  |TAMS 0x0000000705a00000| PB 0x0000000705a00000| Untracked |  0
|  16|0x0000000705c00000, 0x0000000705c00000, 0x0000000705e00000|  0%| F|  |TAMS 0x0000000705c00000| PB 0x0000000705c00000| Untracked |  0
|  17|0x0000000705e00000, 0x0000000705e00000, 0x0000000706000000|  0%| F|  |TAMS 0x0000000705e00000| PB 0x0000000705e00000| Untracked |  0
|  18|0x0000000706000000, 0x0000000706000000, 0x0000000706200000|  0%| F|  |TAMS 0x0000000706000000| PB 0x0000000706000000| Untracked |  0
|  19|0x0000000706200000, 0x0000000706200000, 0x0000000706400000|  0%| F|  |TAMS 0x0000000706200000| PB 0x0000000706200000| Untracked |  0
|  20|0x0000000706400000, 0x0000000706400000, 0x0000000706600000|  0%| F|  |TAMS 0x0000000706400000| PB 0x0000000706400000| Untracked |  0
|  21|0x0000000706600000, 0x0000000706600000, 0x0000000706800000|  0%| F|  |TAMS 0x0000000706600000| PB 0x0000000706600000| Untracked |  0
|  22|0x0000000706800000, 0x0000000706800000, 0x0000000706a00000|  0%| F|  |TAMS 0x0000000706800000| PB 0x0000000706800000| Untracked |  0
|  23|0x0000000706a00000, 0x0000000706a00000, 0x0000000706c00000|  0%| F|  |TAMS 0x0000000706a00000| PB 0x0000000706a00000| Untracked |  0
|  24|0x0000000706c00000, 0x0000000706c00000, 0x0000000706e00000|  0%| F|  |TAMS 0x0000000706c00000| PB 0x0000000706c00000| Untracked |  0
|  25|0x0000000706e00000, 0x0000000706e00000, 0x0000000707000000|  0%| F|  |TAMS 0x0000000706e00000| PB 0x0000000706e00000| Untracked |  0
|  26|0x0000000707000000, 0x0000000707000000, 0x0000000707200000|  0%| F|  |TAMS 0x0000000707000000| PB 0x0000000707000000| Untracked |  0
|  27|0x0000000707200000, 0x0000000707200000, 0x0000000707400000|  0%| F|  |TAMS 0x0000000707200000| PB 0x0000000707200000| Untracked |  0
|  28|0x0000000707400000, 0x0000000707400000, 0x0000000707600000|  0%| F|  |TAMS 0x0000000707400000| PB 0x0000000707400000| Untracked |  0
|  29|0x0000000707600000, 0x0000000707600000, 0x0000000707800000|  0%| F|  |TAMS 0x0000000707600000| PB 0x0000000707600000| Untracked |  0
|  30|0x0000000707800000, 0x0000000707800000, 0x0000000707a00000|  0%| F|  |TAMS 0x0000000707800000| PB 0x0000000707800000| Untracked |  0
|  31|0x0000000707a00000, 0x0000000707a00000, 0x0000000707c00000|  0%| F|  |TAMS 0x0000000707a00000| PB 0x0000000707a00000| Untracked |  0
|  32|0x0000000707c00000, 0x0000000707c00000, 0x0000000707e00000|  0%| F|  |TAMS 0x0000000707c00000| PB 0x0000000707c00000| Untracked |  0
|  33|0x0000000707e00000, 0x0000000707e00000, 0x0000000708000000|  0%| F|  |TAMS 0x0000000707e00000| PB 0x0000000707e00000| Untracked |  0
|  34|0x0000000708000000, 0x0000000708000000, 0x0000000708200000|  0%| F|  |TAMS 0x0000000708000000| PB 0x0000000708000000| Untracked |  0
|  35|0x0000000708200000, 0x0000000708200000, 0x0000000708400000|  0%| F|  |TAMS 0x0000000708200000| PB 0x0000000708200000| Untracked |  0
|  36|0x0000000708400000, 0x0000000708400000, 0x0000000708600000|  0%| F|  |TAMS 0x0000000708400000| PB 0x0000000708400000| Untracked |  0
|  37|0x0000000708600000, 0x0000000708600000, 0x0000000708800000|  0%| F|  |TAMS 0x0000000708600000| PB 0x0000000708600000| Untracked |  0
|  38|0x0000000708800000, 0x0000000708800000, 0x0000000708a00000|  0%| F|  |TAMS 0x0000000708800000| PB 0x0000000708800000| Untracked |  0
|  39|0x0000000708a00000, 0x0000000708a00000, 0x0000000708c00000|  0%| F|  |TAMS 0x0000000708a00000| PB 0x0000000708a00000| Untracked |  0
|  40|0x0000000708c00000, 0x0000000708c00000, 0x0000000708e00000|  0%| F|  |TAMS 0x0000000708c00000| PB 0x0000000708c00000| Untracked |  0
|  41|0x0000000708e00000, 0x0000000708e00000, 0x0000000709000000|  0%| F|  |TAMS 0x0000000708e00000| PB 0x0000000708e00000| Untracked |  0
|  42|0x0000000709000000, 0x0000000709000000, 0x0000000709200000|  0%| F|  |TAMS 0x0000000709000000| PB 0x0000000709000000| Untracked |  0
|  43|0x0000000709200000, 0x0000000709200000, 0x0000000709400000|  0%| F|  |TAMS 0x0000000709200000| PB 0x0000000709200000| Untracked |  0
|  44|0x0000000709400000, 0x0000000709400000, 0x0000000709600000|  0%| F|  |TAMS 0x0000000709400000| PB 0x0000000709400000| Untracked |  0
|  45|0x0000000709600000, 0x0000000709600000, 0x0000000709800000|  0%| F|  |TAMS 0x0000000709600000| PB 0x0000000709600000| Untracked |  0
|  46|0x0000000709800000, 0x0000000709800000, 0x0000000709a00000|  0%| F|  |TAMS 0x0000000709800000| PB 0x0000000709800000| Untracked |  0
|  47|0x0000000709a00000, 0x0000000709a00000, 0x0000000709c00000|  0%| F|  |TAMS 0x0000000709a00000| PB 0x0000000709a00000| Untracked |  0
|  48|0x0000000709c00000, 0x0000000709c00000, 0x0000000709e00000|  0%| F|  |TAMS 0x0000000709c00000| PB 0x0000000709c00000| Untracked |  0
|  49|0x0000000709e00000, 0x0000000709e00000, 0x000000070a000000|  0%| F|  |TAMS 0x0000000709e00000| PB 0x0000000709e00000| Untracked |  0
|  50|0x000000070a000000, 0x000000070a000000, 0x000000070a200000|  0%| F|  |TAMS 0x000000070a000000| PB 0x000000070a000000| Untracked |  0
|  51|0x000000070a200000, 0x000000070a200000, 0x000000070a400000|  0%| F|  |TAMS 0x000000070a200000| PB 0x000000070a200000| Untracked |  0
|  52|0x000000070a400000, 0x000000070a400000, 0x000000070a600000|  0%| F|  |TAMS 0x000000070a400000| PB 0x000000070a400000| Untracked |  0
|  53|0x000000070a600000, 0x000000070a600000, 0x000000070a800000|  0%| F|  |TAMS 0x000000070a600000| PB 0x000000070a600000| Untracked |  0
|  54|0x000000070a800000, 0x000000070a800000, 0x000000070aa00000|  0%| F|  |TAMS 0x000000070a800000| PB 0x000000070a800000| Untracked |  0
|  55|0x000000070aa00000, 0x000000070aa00000, 0x000000070ac00000|  0%| F|  |TAMS 0x000000070aa00000| PB 0x000000070aa00000| Untracked |  0
|  56|0x000000070ac00000, 0x000000070ac00000, 0x000000070ae00000|  0%| F|  |TAMS 0x000000070ac00000| PB 0x000000070ac00000| Untracked |  0
|  57|0x000000070ae00000, 0x000000070ae00000, 0x000000070b000000|  0%| F|  |TAMS 0x000000070ae00000| PB 0x000000070ae00000| Untracked |  0
|  58|0x000000070b000000, 0x000000070b000000, 0x000000070b200000|  0%| F|  |TAMS 0x000000070b000000| PB 0x000000070b000000| Untracked |  0
|  59|0x000000070b200000, 0x000000070b200000, 0x000000070b400000|  0%| F|  |TAMS 0x000000070b200000| PB 0x000000070b200000| Untracked |  0
|  60|0x000000070b400000, 0x000000070b400000, 0x000000070b600000|  0%| F|  |TAMS 0x000000070b400000| PB 0x000000070b400000| Untracked |  0
|  61|0x000000070b600000, 0x000000070b600000, 0x000000070b800000|  0%| F|  |TAMS 0x000000070b600000| PB 0x000000070b600000| Untracked |  0
|  62|0x000000070b800000, 0x000000070b800000, 0x000000070ba00000|  0%| F|  |TAMS 0x000000070b800000| PB 0x000000070b800000| Untracked |  0
|  63|0x000000070ba00000, 0x000000070ba00000, 0x000000070bc00000|  0%| F|  |TAMS 0x000000070ba00000| PB 0x000000070ba00000| Untracked |  0
|  64|0x000000070bc00000, 0x000000070bc00000, 0x000000070be00000|  0%| F|  |TAMS 0x000000070bc00000| PB 0x000000070bc00000| Untracked |  0
|  65|0x000000070be00000, 0x000000070be00000, 0x000000070c000000|  0%| F|  |TAMS 0x000000070be00000| PB 0x000000070be00000| Untracked |  0
|  66|0x000000070c000000, 0x000000070c000000, 0x000000070c200000|  0%| F|  |TAMS 0x000000070c000000| PB 0x000000070c000000| Untracked |  0
|  67|0x000000070c200000, 0x000000070c200000, 0x000000070c400000|  0%| F|  |TAMS 0x000000070c200000| PB 0x000000070c200000| Untracked |  0
|  68|0x000000070c400000, 0x000000070c400000, 0x000000070c600000|  0%| F|  |TAMS 0x000000070c400000| PB 0x000000070c400000| Untracked |  0
|  69|0x000000070c600000, 0x000000070c600000, 0x000000070c800000|  0%| F|  |TAMS 0x000000070c600000| PB 0x000000070c600000| Untracked |  0
|  70|0x000000070c800000, 0x000000070c800000, 0x000000070ca00000|  0%| F|  |TAMS 0x000000070c800000| PB 0x000000070c800000| Untracked |  0
|  71|0x000000070ca00000, 0x000000070ca00000, 0x000000070cc00000|  0%| F|  |TAMS 0x000000070ca00000| PB 0x000000070ca00000| Untracked |  0
|  72|0x000000070cc00000, 0x000000070cc00000, 0x000000070ce00000|  0%| F|  |TAMS 0x000000070cc00000| PB 0x000000070cc00000| Untracked |  0
|  73|0x000000070ce00000, 0x000000070ce00000, 0x000000070d000000|  0%| F|  |TAMS 0x000000070ce00000| PB 0x000000070ce00000| Untracked |  0
|  74|0x000000070d000000, 0x000000070d000000, 0x000000070d200000|  0%| F|  |TAMS 0x000000070d000000| PB 0x000000070d000000| Untracked |  0
|  75|0x000000070d200000, 0x000000070d200000, 0x000000070d400000|  0%| F|  |TAMS 0x000000070d200000| PB 0x000000070d200000| Untracked |  0
|  76|0x000000070d400000, 0x000000070d400000, 0x000000070d600000|  0%| F|  |TAMS 0x000000070d400000| PB 0x000000070d400000| Untracked |  0
|  77|0x000000070d600000, 0x000000070d600000, 0x000000070d800000|  0%| F|  |TAMS 0x000000070d600000| PB 0x000000070d600000| Untracked |  0
|  78|0x000000070d800000, 0x000000070d800000, 0x000000070da00000|  0%| F|  |TAMS 0x000000070d800000| PB 0x000000070d800000| Untracked |  0
|  79|0x000000070da00000, 0x000000070da00000, 0x000000070dc00000|  0%| F|  |TAMS 0x000000070da00000| PB 0x000000070da00000| Untracked |  0
|  80|0x000000070dc00000, 0x000000070dc00000, 0x000000070de00000|  0%| F|  |TAMS 0x000000070dc00000| PB 0x000000070dc00000| Untracked |  0
|  81|0x000000070de00000, 0x000000070de00000, 0x000000070e000000|  0%| F|  |TAMS 0x000000070de00000| PB 0x000000070de00000| Untracked |  0
|  82|0x000000070e000000, 0x000000070e000000, 0x000000070e200000|  0%| F|  |TAMS 0x000000070e000000| PB 0x000000070e000000| Untracked |  0
|  83|0x000000070e200000, 0x000000070e200000, 0x000000070e400000|  0%| F|  |TAMS 0x000000070e200000| PB 0x000000070e200000| Untracked |  0
|  84|0x000000070e400000, 0x000000070e400000, 0x000000070e600000|  0%| F|  |TAMS 0x000000070e400000| PB 0x000000070e400000| Untracked |  0
|  85|0x000000070e600000, 0x000000070e600000, 0x000000070e800000|  0%| F|  |TAMS 0x000000070e600000| PB 0x000000070e600000| Untracked |  0
|  86|0x000000070e800000, 0x000000070e800000, 0x000000070ea00000|  0%| F|  |TAMS 0x000000070e800000| PB 0x000000070e800000| Untracked |  0
|  87|0x000000070ea00000, 0x000000070ea00000, 0x000000070ec00000|  0%| F|  |TAMS 0x000000070ea00000| PB 0x000000070ea00000| Untracked |  0
|  88|0x000000070ec00000, 0x000000070ec00000, 0x000000070ee00000|  0%| F|  |TAMS 0x000000070ec00000| PB 0x000000070ec00000| Untracked |  0
|  89|0x000000070ee00000, 0x000000070ee00000, 0x000000070f000000|  0%| F|  |TAMS 0x000000070ee00000| PB 0x000000070ee00000| Untracked |  0
|  90|0x000000070f000000, 0x000000070f000000, 0x000000070f200000|  0%| F|  |TAMS 0x000000070f000000| PB 0x000000070f000000| Untracked |  0
|  91|0x000000070f200000, 0x000000070f200000, 0x000000070f400000|  0%| F|  |TAMS 0x000000070f200000| PB 0x000000070f200000| Untracked |  0
|  92|0x000000070f400000, 0x000000070f400000, 0x000000070f600000|  0%| F|  |TAMS 0x000000070f400000| PB 0x000000070f400000| Untracked |  0
|  93|0x000000070f600000, 0x000000070f600000, 0x000000070f800000|  0%| F|  |TAMS 0x000000070f600000| PB 0x000000070f600000| Untracked |  0
|  94|0x000000070f800000, 0x000000070f800000, 0x000000070fa00000|  0%| F|  |TAMS 0x000000070f800000| PB 0x000000070f800000| Untracked |  0
|  95|0x000000070fa00000, 0x000000070fa00000, 0x000000070fc00000|  0%| F|  |TAMS 0x000000070fa00000| PB 0x000000070fa00000| Untracked |  0
|  96|0x000000070fc00000, 0x000000070fc00000, 0x000000070fe00000|  0%| F|  |TAMS 0x000000070fc00000| PB 0x000000070fc00000| Untracked |  0
|  97|0x000000070fe00000, 0x000000070fe00000, 0x0000000710000000|  0%| F|  |TAMS 0x000000070fe00000| PB 0x000000070fe00000| Untracked |  0
|  98|0x0000000710000000, 0x0000000710000000, 0x0000000710200000|  0%| F|  |TAMS 0x0000000710000000| PB 0x0000000710000000| Untracked |  0
|  99|0x0000000710200000, 0x0000000710200000, 0x0000000710400000|  0%| F|  |TAMS 0x0000000710200000| PB 0x0000000710200000| Untracked |  0
| 100|0x0000000710400000, 0x0000000710400000, 0x0000000710600000|  0%| F|  |TAMS 0x0000000710400000| PB 0x0000000710400000| Untracked |  0
| 101|0x0000000710600000, 0x0000000710600000, 0x0000000710800000|  0%| F|  |TAMS 0x0000000710600000| PB 0x0000000710600000| Untracked |  0
| 102|0x0000000710800000, 0x0000000710800000, 0x0000000710a00000|  0%| F|  |TAMS 0x0000000710800000| PB 0x0000000710800000| Untracked |  0
| 103|0x0000000710a00000, 0x0000000710a00000, 0x0000000710c00000|  0%| F|  |TAMS 0x0000000710a00000| PB 0x0000000710a00000| Untracked |  0
| 104|0x0000000710c00000, 0x0000000710c00000, 0x0000000710e00000|  0%| F|  |TAMS 0x0000000710c00000| PB 0x0000000710c00000| Untracked |  0
| 105|0x0000000710e00000, 0x0000000710e00000, 0x0000000711000000|  0%| F|  |TAMS 0x0000000710e00000| PB 0x0000000710e00000| Untracked |  0
| 106|0x0000000711000000, 0x0000000711000000, 0x0000000711200000|  0%| F|  |TAMS 0x0000000711000000| PB 0x0000000711000000| Untracked |  0
| 107|0x0000000711200000, 0x0000000711200000, 0x0000000711400000|  0%| F|  |TAMS 0x0000000711200000| PB 0x0000000711200000| Untracked |  0
| 108|0x0000000711400000, 0x0000000711400000, 0x0000000711600000|  0%| F|  |TAMS 0x0000000711400000| PB 0x0000000711400000| Untracked |  0
| 109|0x0000000711600000, 0x0000000711600000, 0x0000000711800000|  0%| F|  |TAMS 0x0000000711600000| PB 0x0000000711600000| Untracked |  0
| 110|0x0000000711800000, 0x0000000711800000, 0x0000000711a00000|  0%| F|  |TAMS 0x0000000711800000| PB 0x0000000711800000| Untracked |  0
| 111|0x0000000711a00000, 0x0000000711a00000, 0x0000000711c00000|  0%| F|  |TAMS 0x0000000711a00000| PB 0x0000000711a00000| Untracked |  0
| 112|0x0000000711c00000, 0x0000000711c00000, 0x0000000711e00000|  0%| F|  |TAMS 0x0000000711c00000| PB 0x0000000711c00000| Untracked |  0
| 113|0x0000000711e00000, 0x0000000712000000, 0x0000000712000000|100%| S|CS|TAMS 0x0000000711e00000| PB 0x0000000711e00000| Complete |  0
| 114|0x0000000712000000, 0x0000000712200000, 0x0000000712200000|100%| S|CS|TAMS 0x0000000712000000| PB 0x0000000712000000| Complete |  0
| 115|0x0000000712200000, 0x0000000712200000, 0x0000000712400000|  0%| F|  |TAMS 0x0000000712200000| PB 0x0000000712200000| Untracked |  0
| 116|0x0000000712400000, 0x0000000712400000, 0x0000000712600000|  0%| F|  |TAMS 0x0000000712400000| PB 0x0000000712400000| Untracked |  0
| 117|0x0000000712600000, 0x0000000712600000, 0x0000000712800000|  0%| F|  |TAMS 0x0000000712600000| PB 0x0000000712600000| Untracked |  0
| 118|0x0000000712800000, 0x000000071284ed60, 0x0000000712a00000| 15%| E|  |TAMS 0x0000000712800000| PB 0x0000000712800000| Complete |  0
| 119|0x0000000712a00000, 0x0000000712c00000, 0x0000000712c00000|100%| E|CS|TAMS 0x0000000712a00000| PB 0x0000000712a00000| Complete |  0
| 120|0x0000000712c00000, 0x0000000712e00000, 0x0000000712e00000|100%| E|CS|TAMS 0x0000000712c00000| PB 0x0000000712c00000| Complete |  0
| 121|0x0000000712e00000, 0x0000000713000000, 0x0000000713000000|100%| E|CS|TAMS 0x0000000712e00000| PB 0x0000000712e00000| Complete |  0
| 122|0x0000000713000000, 0x0000000713200000, 0x0000000713200000|100%| E|CS|TAMS 0x0000000713000000| PB 0x0000000713000000| Complete |  0
| 123|0x0000000713200000, 0x0000000713400000, 0x0000000713400000|100%| E|CS|TAMS 0x0000000713200000| PB 0x0000000713200000| Complete |  0
| 124|0x0000000713400000, 0x0000000713600000, 0x0000000713600000|100%| E|CS|TAMS 0x0000000713400000| PB 0x0000000713400000| Complete |  0
| 125|0x0000000713600000, 0x0000000713800000, 0x0000000713800000|100%| E|CS|TAMS 0x0000000713600000| PB 0x0000000713600000| Complete |  0
| 126|0x0000000713800000, 0x0000000713a00000, 0x0000000713a00000|100%| E|CS|TAMS 0x0000000713800000| PB 0x0000000713800000| Complete |  0

Card table byte_map: [0x0000023a72130000,0x0000023a72920000] _byte_map_base: 0x0000023a6e912000

Marking Bits: (CMBitMap*) 0x0000023a5a323d50
 Bits: [0x0000023a72920000, 0x0000023a76830000)

Polling page: 0x0000023a581d0000

Metaspace:

Usage:
  Non-class:     16.70 MB used.
      Class:      2.11 MB used.
       Both:     18.81 MB used.

Virtual space:
  Non-class space:       64.00 MB reserved,      16.81 MB ( 26%) committed,  1 nodes.
      Class space:        1.00 GB reserved,       2.25 MB ( <1%) committed,  1 nodes.
             Both:        1.06 GB reserved,      19.06 MB (  2%) committed. 

Chunk freelists:
   Non-Class:  14.86 MB
       Class:  13.73 MB
        Both:  28.58 MB

MaxMetaspaceSize: unlimited
CompressedClassSpaceSize: 1.00 GB
Initial GC threshold: 21.00 MB
Current GC threshold: 21.00 MB
CDS: on
 - commit_granule_bytes: 65536.
 - commit_granule_words: 8192.
 - virtual_space_node_default_size: 8388608.
 - enlarge_chunks_in_place: 1.
 - use_allocation_guard: 0.


Internal statistics:

num_allocs_failed_limit: 0.
num_arena_births: 204.
num_arena_deaths: 0.
num_vsnodes_births: 2.
num_vsnodes_deaths: 0.
num_space_committed: 305.
num_space_uncommitted: 0.
num_chunks_returned_to_freelist: 0.
num_chunks_taken_from_freelist: 385.
num_chunk_merges: 0.
num_chunk_splits: 241.
num_chunks_enlarged: 136.
num_inconsistent_stats: 0.

CodeHeap 'non-profiled nmethods': size=120000Kb used=1153Kb max_used=1153Kb free=118846Kb
 bounds [0x0000023a6a0e0000, 0x0000023a6a350000, 0x0000023a71610000]
CodeHeap 'profiled nmethods': size=120000Kb used=4812Kb max_used=4812Kb free=115187Kb
 bounds [0x0000023a62610000, 0x0000023a62ad0000, 0x0000023a69b40000]
CodeHeap 'non-nmethods': size=5760Kb used=1766Kb max_used=1792Kb free=3993Kb
 bounds [0x0000023a69b40000, 0x0000023a69db0000, 0x0000023a6a0e0000]
 total_blobs=3358 nmethods=2574 adapters=688
 compilation: enabled
              stopped_count=0, restarted_count=0
 full_count=0

Compilation events (20 events):
Event: 19.382 Thread 0x0000023a79278450 2513       1       java.security.Provider::getName (5 bytes)
Event: 19.382 Thread 0x0000023a79278450 nmethod 2513 0x0000023a6a1fd390 code [0x0000023a6a1fd520, 0x0000023a6a1fd5f0]
Event: 19.383 Thread 0x0000023a79278450 2514       3       java.lang.invoke.VarHandleGuards::guard_LII_V (135 bytes)
Event: 19.384 Thread 0x0000023a79278450 nmethod 2514 0x0000023a62aa0010 code [0x0000023a62aa0440, 0x0000023a62aa2b10]
Event: 19.384 Thread 0x0000023a79278450 2515       3       java.lang.invoke.VarHandleByteArrayAsInts$ArrayHandle::set (39 bytes)
Event: 19.384 Thread 0x0000023a79278450 nmethod 2515 0x0000023a62aa3710 code [0x0000023a62aa38e0, 0x0000023a62aa3cd0]
Event: 19.384 Thread 0x0000023a79278450 2516       3       jdk.internal.misc.Unsafe::putIntUnaligned (14 bytes)
Event: 19.384 Thread 0x0000023a79278450 nmethod 2516 0x0000023a62aa3e90 code [0x0000023a62aa4040, 0x0000023a62aa4280]
Event: 19.385 Thread 0x0000023a79278450 2518       3       java.util.Collections$UnmodifiableCollection::isEmpty (10 bytes)
Event: 19.385 Thread 0x0000023a79278450 nmethod 2518 0x0000023a62aa4390 code [0x0000023a62aa4540, 0x0000023a62aa4720]
Event: 19.385 Thread 0x0000023a79278450 2519       3       com.sun.crypto.provider.GHASH::blockMult (245 bytes)
Event: 19.386 Thread 0x0000023a79278450 nmethod 2519 0x0000023a62aa4810 code [0x0000023a62aa49c0, 0x0000023a62aa4df0]
Event: 19.386 Thread 0x0000023a79278450 2520       3       java.nio.ByteBuffer::position (6 bytes)
Event: 19.386 Thread 0x0000023a79278450 nmethod 2520 0x0000023a62aa5010 code [0x0000023a62aa51c0, 0x0000023a62aa5388]
Event: 19.389 Thread 0x0000023a79278450 2521       3       java.lang.invoke.BootstrapMethodInvoker::isLambdaMetafactoryIndyBSM (13 bytes)
Event: 19.389 Thread 0x0000023a79278450 nmethod 2521 0x0000023a62aa5410 code [0x0000023a62aa55a0, 0x0000023a62aa56e8]
Event: 19.389 Thread 0x0000023a79278450 2522       3       java.lang.invoke.Invokers$Holder::invokeExact_MT (32 bytes)
Event: 19.389 Thread 0x0000023a79278450 nmethod 2522 0x0000023a62aa5790 code [0x0000023a62aa59a0, 0x0000023a62aa6270]
Event: 19.389 Thread 0x0000023a79278450 2523       3       java.lang.invoke.MethodHandles$Lookup::hasFullPrivilegeAccess (18 bytes)
Event: 19.389 Thread 0x0000023a79278450 nmethod 2523 0x0000023a62aa6490 code [0x0000023a62aa6620, 0x0000023a62aa6788]

GC Heap History (2 events):
Event: 12.334 GC heap before
{Heap before GC invocations=0 (full 0):
 garbage-first heap   total reserved 4132864K, committed 260096K, used 40960K [0x0000000703c00000, 0x0000000800000000)
  region size 2048K, 12 young (24576K), 0 survivors (0K)
 Metaspace       used 10604K, committed 10816K, reserved 1114112K
  class space    used 1206K, committed 1344K, reserved 1048576K
}
Event: 12.342 GC heap after
{Heap after GC invocations=1 (full 0):
 garbage-first heap   total reserved 4132864K, committed 260096K, used 20480K [0x0000000703c00000, 0x0000000800000000)
  region size 2048K, 2 young (4096K), 2 survivors (4096K)
 Metaspace       used 10604K, committed 10816K, reserved 1114112K
  class space    used 1206K, committed 1344K, reserved 1048576K
}

Dll operation events (11 events):
Event: 0.006 Loaded shared library C:\Program Files\Java\jdk-22\bin\java.dll
Event: 0.029 Loaded shared library C:\Program Files\Java\jdk-22\bin\jsvml.dll
Event: 0.051 Loaded shared library C:\Program Files\Java\jdk-22\bin\net.dll
Event: 0.052 Loaded shared library C:\Program Files\Java\jdk-22\bin\nio.dll
Event: 0.065 Loaded shared library C:\Program Files\Java\jdk-22\bin\zip.dll
Event: 0.078 Loaded shared library C:\Program Files\Java\jdk-22\bin\jimage.dll
Event: 0.087 Loaded shared library C:\Program Files\Java\jdk-22\bin\awt.dll
Event: 0.168 Loaded shared library C:\Program Files\Java\jdk-22\bin\freetype.dll
Event: 0.169 Loaded shared library C:\Program Files\Java\jdk-22\bin\fontmanager.dll
Event: 19.134 Loaded shared library C:\Program Files\Java\jdk-22\bin\extnet.dll
Event: 19.288 Loaded shared library C:\Program Files\Java\jdk-22\bin\sunmscapi.dll

Deoptimization events (20 events):
Event: 19.233 Thread 0x0000023a4549a320 Uncommon trap: trap_request=0xffffffde fr.pc=0x0000023a6a13130c relative=0x0000000000001c2c
Event: 19.233 Thread 0x0000023a4549a320 Uncommon trap: reason=class_check action=maybe_recompile pc=0x0000023a6a13130c method=java.io.BufferedInputStream.read1([BII)I @ 52 c2
Event: 19.233 Thread 0x0000023a4549a320 DEOPT PACKING pc=0x0000023a6a13130c sp=0x000000a5236f9d40
Event: 19.233 Thread 0x0000023a4549a320 DEOPT UNPACKING pc=0x0000023a69b946a2 sp=0x000000a5236f9d18 mode 2
Event: 19.233 Thread 0x0000023a4549a320 Uncommon trap: trap_request=0xffffffde fr.pc=0x0000023a6a13130c relative=0x0000000000001c2c
Event: 19.233 Thread 0x0000023a4549a320 Uncommon trap: reason=class_check action=maybe_recompile pc=0x0000023a6a13130c method=java.io.BufferedInputStream.read1([BII)I @ 52 c2
Event: 19.233 Thread 0x0000023a4549a320 DEOPT PACKING pc=0x0000023a6a13130c sp=0x000000a5236f9cd0
Event: 19.233 Thread 0x0000023a4549a320 DEOPT UNPACKING pc=0x0000023a69b946a2 sp=0x000000a5236f9ca8 mode 2
Event: 19.234 Thread 0x0000023a4549a320 Uncommon trap: trap_request=0xffffffde fr.pc=0x0000023a6a13130c relative=0x0000000000001c2c
Event: 19.234 Thread 0x0000023a4549a320 Uncommon trap: reason=class_check action=maybe_recompile pc=0x0000023a6a13130c method=java.io.BufferedInputStream.read1([BII)I @ 52 c2
Event: 19.234 Thread 0x0000023a4549a320 DEOPT PACKING pc=0x0000023a6a13130c sp=0x000000a5236f9d40
Event: 19.234 Thread 0x0000023a4549a320 DEOPT UNPACKING pc=0x0000023a69b946a2 sp=0x000000a5236f9d18 mode 2
Event: 19.234 Thread 0x0000023a4549a320 Uncommon trap: trap_request=0xffffffde fr.pc=0x0000023a6a13130c relative=0x0000000000001c2c
Event: 19.234 Thread 0x0000023a4549a320 Uncommon trap: reason=class_check action=maybe_recompile pc=0x0000023a6a13130c method=java.io.BufferedInputStream.read1([BII)I @ 52 c2
Event: 19.234 Thread 0x0000023a4549a320 DEOPT PACKING pc=0x0000023a6a13130c sp=0x000000a5236f9cd0
Event: 19.234 Thread 0x0000023a4549a320 DEOPT UNPACKING pc=0x0000023a69b946a2 sp=0x000000a5236f9ca8 mode 2
Event: 19.301 Thread 0x0000023a4549a320 Uncommon trap: trap_request=0xffffff45 fr.pc=0x0000023a6a107234 relative=0x0000000000000194
Event: 19.301 Thread 0x0000023a4549a320 Uncommon trap: reason=unstable_if action=reinterpret pc=0x0000023a6a107234 method=jdk.internal.util.ArraysSupport.vectorizedHashCode(Ljava/lang/Object;IIII)I @ 2 c2
Event: 19.301 Thread 0x0000023a4549a320 DEOPT PACKING pc=0x0000023a6a107234 sp=0x000000a5236fb7f0
Event: 19.301 Thread 0x0000023a4549a320 DEOPT UNPACKING pc=0x0000023a69b946a2 sp=0x000000a5236fb7a0 mode 2

Classes loaded (20 events):
Event: 19.389 Loading class java/security/spec/PKCS8EncodedKeySpec
Event: 19.389 Loading class java/security/spec/PKCS8EncodedKeySpec done
Event: 19.389 Loading class sun/security/rsa/RSAUtil$KeyType
Event: 19.389 Loading class sun/security/rsa/RSAUtil$KeyType done
Event: 19.389 Loading class sun/security/rsa/RSAPublicKeyImpl
Event: 19.389 Loading class java/security/interfaces/RSAPublicKey
Event: 19.390 Loading class java/security/interfaces/RSAPublicKey done
Event: 19.390 Loading class sun/security/rsa/RSAPublicKeyImpl done
Event: 19.390 Loading class sun/security/rsa/RSAUtil
Event: 19.390 Loading class sun/security/rsa/RSAUtil done
Event: 19.390 Loading class sun/security/x509/CertificateExtensions
Event: 19.390 Loading class sun/security/x509/CertificateExtensions done
Event: 19.390 Loading class sun/security/x509/Extension
Event: 19.390 Loading class java/security/cert/Extension
Event: 19.390 Loading class java/security/cert/Extension done
Event: 19.390 Loading class sun/security/x509/Extension done
Event: 19.390 Loading class sun/security/x509/OIDMap
Event: 19.390 Loading class sun/security/x509/OIDMap done
Event: 19.390 Loading class sun/security/x509/PKIXExtensions
Event: 19.390 Loading class sun/security/x509/PKIXExtensions done

Classes unloaded (0 events):
No events

Classes redefined (0 events):
No events

Internal exceptions (20 events):
Event: 0.229 Thread 0x0000023a4549a320 Exception <a 'java/lang/NoSuchMethodError'{0x00000007133d6528}: 'java.lang.Object java.lang.invoke.DirectMethodHandle$Holder.newInvokeSpecial(java.lang.Object, java.lang.Object, int)'> (0x00000007133d6528) 
thrown [s\open\src\hotspot\share\interpreter\linkResolver.cpp, line 774]
Event: 0.230 Thread 0x0000023a4549a320 Exception <a 'java/lang/NoSuchMethodError'{0x00000007133db5e8}: 'int java.lang.invoke.DirectMethodHandle$Holder.invokeSpecial(java.lang.Object, java.lang.Object, java.lang.Object, int)'> (0x00000007133db5e8) 
thrown [s\open\src\hotspot\share\interpreter\linkResolver.cpp, line 774]
Event: 0.231 Thread 0x0000023a4549a320 Exception <a 'java/lang/NoSuchMethodError'{0x0000000713002918}: 'java.lang.Object java.lang.invoke.DirectMethodHandle$Holder.invokeStatic(java.lang.Object, java.lang.Object, java.lang.Object, java.lang.Object, int)'> (0x0000000713002918) 
thrown [s\open\src\hotspot\share\interpreter\linkResolver.cpp, line 774]
Event: 0.232 Thread 0x0000023a4549a320 Exception <a 'java/lang/NoSuchMethodError'{0x000000071300af10}: 'int java.lang.invoke.DirectMethodHandle$Holder.invokeSpecial(java.lang.Object, java.lang.Object, java.lang.Object)'> (0x000000071300af10) 
thrown [s\open\src\hotspot\share\interpreter\linkResolver.cpp, line 774]
Event: 0.304 Thread 0x0000023a464fe280 Exception <a 'java/lang/NoSuchMethodError'{0x0000000712e3e3d0}: 'java.lang.Object java.lang.invoke.DirectMethodHandle$Holder.newInvokeSpecial(java.lang.Object, java.lang.Object, java.lang.Object, int, int, int, int, int)'> (0x0000000712e3e3d0) 
thrown [s\open\src\hotspot\share\interpreter\linkResolver.cpp, line 774]
Event: 0.456 Thread 0x0000023a4549a320 Exception <a 'java/lang/NoSuchMethodError'{0x00000007129f69f0}: 'void java.lang.invoke.DirectMethodHandle$Holder.invokeStaticInit(java.lang.Object)'> (0x00000007129f69f0) 
thrown [s\open\src\hotspot\share\interpreter\linkResolver.cpp, line 774]
Event: 0.485 Thread 0x0000023a45450480 Exception <a 'java/lang/NoSuchMethodError'{0x00000007135042e0}: 'void java.lang.invoke.DirectMethodHandle$Holder.invokeVirtual(java.lang.Object, java.lang.Object)'> (0x00000007135042e0) 
thrown [s\open\src\hotspot\share\interpreter\linkResolver.cpp, line 774]
Event: 16.767 Thread 0x0000023a4549a320 Implicit null exception at 0x0000023a6a15cc62 to 0x0000023a6a15d1c1
Event: 16.768 Thread 0x0000023a4549a320 Implicit null exception at 0x0000023a6a155667 to 0x0000023a6a155d64
Event: 16.768 Thread 0x0000023a4549a320 Implicit null exception at 0x0000023a6a15cc62 to 0x0000023a6a15d1c1
Event: 16.768 Thread 0x0000023a4549a320 Implicit null exception at 0x0000023a6a155667 to 0x0000023a6a155d64
Event: 16.768 Thread 0x0000023a4549a320 Implicit null exception at 0x0000023a6a15cc62 to 0x0000023a6a15d1c1
Event: 19.048 Thread 0x0000023a4549a320 Exception <a 'java/lang/NoSuchMethodError'{0x00000007134b4540}: 'void java.lang.invoke.DirectMethodHandle$Holder.invokeStatic(java.lang.Object, java.lang.Object)'> (0x00000007134b4540) 
thrown [s\open\src\hotspot\share\interpreter\linkResolver.cpp, line 774]
Event: 19.075 Thread 0x0000023a4549a320 Exception <a 'java/lang/NoSuchMethodError'{0x000000071359aa90}: 'java.lang.Object java.lang.invoke.DirectMethodHandle$Holder.invokeInterface(java.lang.Object, java.lang.Object)'> (0x000000071359aa90) 
thrown [s\open\src\hotspot\share\interpreter\linkResolver.cpp, line 774]
Event: 19.087 Thread 0x0000023a4549a320 Exception <a 'java/lang/NoSuchMethodError'{0x0000000713214500}: 'void java.lang.invoke.DirectMethodHandle$Holder.invokeStatic(java.lang.Object, java.lang.Object, java.lang.Object)'> (0x0000000713214500) 
thrown [s\open\src\hotspot\share\interpreter\linkResolver.cpp, line 774]
Event: 19.088 Thread 0x0000023a4549a320 Exception <a 'java/lang/NoSuchMethodError'{0x000000071321d6b8}: 'java.lang.Object java.lang.invoke.DirectMethodHandle$Holder.invokeVirtual(java.lang.Object, java.lang.Object, java.lang.Object)'> (0x000000071321d6b8) 
thrown [s\open\src\hotspot\share\interpreter\linkResolver.cpp, line 774]
Event: 19.182 Thread 0x0000023a4549a320 Exception <a 'java/lang/NoSuchMethodError'{0x0000000712f9ba58}: 'void java.lang.invoke.DirectMethodHandle$Holder.invokeStaticInit(java.lang.Object, java.lang.Object)'> (0x0000000712f9ba58) 
thrown [s\open\src\hotspot\share\interpreter\linkResolver.cpp, line 774]
Event: 19.230 Thread 0x0000023a4549a320 Exception <a 'sun/nio/fs/WindowsException'{0x0000000712cc6838}> (0x0000000712cc6838) 
thrown [s\open\src\hotspot\share\prims\jni.cpp, line 520]
Event: 19.259 Thread 0x0000023a4549a320 Exception <a 'java/lang/NoSuchMethodError'{0x0000000712d6cd98}: 'java.lang.Object java.lang.invoke.DirectMethodHandle$Holder.invokeStaticInit(java.lang.Object, int, int, int, int)'> (0x0000000712d6cd98) 
thrown [s\open\src\hotspot\share\interpreter\linkResolver.cpp, line 774]
Event: 19.274 Thread 0x0000023a4549a320 Exception <a 'java/lang/NoSuchMethodError'{0x0000000712de2780}: 'java.lang.Object java.lang.invoke.DirectMethodHandle$Holder.invokeStaticInit(java.lang.Object, java.lang.Object, int, int, int, int)'> (0x0000000712de2780) 
thrown [s\open\src\hotspot\share\interpreter\linkResolver.cpp, line 774]

ZGC Phase Switch (0 events):
No events

VM Operations (20 events):
Event: 16.395 Executing VM operation: Cleanup
Event: 16.396 Executing VM operation: Cleanup done
Event: 17.399 Executing VM operation: Cleanup
Event: 17.399 Executing VM operation: Cleanup done
Event: 18.400 Executing VM operation: Cleanup
Event: 18.400 Executing VM operation: Cleanup done
Event: 19.052 Executing VM operation: HandshakeAllThreads (Deoptimize)
Event: 19.052 Executing VM operation: HandshakeAllThreads (Deoptimize) done
Event: 19.061 Executing VM operation: HandshakeAllThreads (Deoptimize)
Event: 19.061 Executing VM operation: HandshakeAllThreads (Deoptimize) done
Event: 19.186 Executing VM operation: HandshakeAllThreads (Deoptimize)
Event: 19.186 Executing VM operation: HandshakeAllThreads (Deoptimize) done
Event: 19.217 Executing VM operation: HandshakeAllThreads (Deoptimize)
Event: 19.217 Executing VM operation: HandshakeAllThreads (Deoptimize) done
Event: 19.236 Executing VM operation: HandshakeAllThreads (Deoptimize)
Event: 19.236 Executing VM operation: HandshakeAllThreads (Deoptimize) done
Event: 19.376 Executing VM operation: ICBufferFull
Event: 19.376 Executing VM operation: ICBufferFull done
Event: 19.386 Executing VM operation: HandshakeAllThreads (Deoptimize)
Event: 19.386 Executing VM operation: HandshakeAllThreads (Deoptimize) done

Events (20 events):
Event: 0.027 Thread 0x0000023a79264e40 Thread added: 0x0000023a79264e40
Event: 0.027 Thread 0x0000023a792658a0 Thread added: 0x0000023a792658a0
Event: 0.027 Thread 0x0000023a79274570 Thread added: 0x0000023a79274570
Event: 0.028 Thread 0x0000023a79278450 Thread added: 0x0000023a79278450
Event: 0.043 Thread 0x0000023a4518caf0 Thread added: 0x0000023a4518caf0
Event: 0.062 Thread 0x0000023a452899b0 Thread added: 0x0000023a452899b0
Event: 0.066 Thread 0x0000023a4532af00 Thread added: 0x0000023a4532af00
Event: 0.124 Thread 0x0000023a454439f0 Thread added: 0x0000023a454439f0
Event: 0.124 Thread 0x0000023a454478c0 Thread added: 0x0000023a454478c0
Event: 0.125 Thread 0x0000023a45450480 Thread added: 0x0000023a45450480
Event: 0.205 Thread 0x0000023a4549a320 Thread added: 0x0000023a4549a320
Event: 0.205 Thread 0x0000023a5821a670 Thread exited: 0x0000023a5821a670
Event: 0.205 Thread 0x0000023a5821a670 Thread added: 0x0000023a5821a670
Event: 0.263 Thread 0x0000023a464fe280 Thread added: 0x0000023a464fe280
Event: 0.577 Thread 0x0000023a464cec90 Thread added: 0x0000023a464cec90
Event: 1.108 Thread 0x0000023a4532af00 Thread exited: 0x0000023a4532af00
Event: 5.465 Thread 0x0000023a464fe280 Thread exited: 0x0000023a464fe280
Event: 19.049 Thread 0x0000023a46aa0840 Thread added: 0x0000023a46aa0840
Event: 19.081 Thread 0x0000023a463a47f0 Thread added: 0x0000023a463a47f0
Event: 19.339 Thread 0x0000023a46335ad0 Thread added: 0x0000023a46335ad0


Dynamic libraries:
0x00007ff6b27e0000 - 0x00007ff6b27f0000 	C:\Program Files\Java\jdk-22\bin\java.exe
0x00007ffce8070000 - 0x00007ffce8268000 	C:\WINDOWS\SYSTEM32\ntdll.dll
0x00007ffce7db0000 - 0x00007ffce7e6d000 	C:\WINDOWS\System32\KERNEL32.DLL
0x00007ffce5720000 - 0x00007ffce5a16000 	C:\WINDOWS\System32\KERNELBASE.dll
0x00007ffce5a20000 - 0x00007ffce5b20000 	C:\WINDOWS\System32\ucrtbase.dll
0x00007ffce1590000 - 0x00007ffce15ab000 	C:\Program Files\Java\jdk-22\bin\VCRUNTIME140.dll
0x00007ffccdf40000 - 0x00007ffccdf57000 	C:\Program Files\Java\jdk-22\bin\jli.dll
0x00007ffce7300000 - 0x00007ffce73b0000 	C:\WINDOWS\System32\ADVAPI32.dll
0x00007ffce6e90000 - 0x00007ffce6f2e000 	C:\WINDOWS\System32\msvcrt.dll
0x00007ffce6f30000 - 0x00007ffce6fd0000 	C:\WINDOWS\System32\sechost.dll
0x00007ffce6fd0000 - 0x00007ffce70f3000 	C:\WINDOWS\System32\RPCRT4.dll
0x00007ffce5c30000 - 0x00007ffce5c57000 	C:\WINDOWS\System32\bcrypt.dll
0x00007ffce7100000 - 0x00007ffce729f000 	C:\WINDOWS\System32\USER32.dll
0x00007ffce6020000 - 0x00007ffce6042000 	C:\WINDOWS\System32\win32u.dll
0x00007ffcd1610000 - 0x00007ffcd18aa000 	C:\WINDOWS\WinSxS\amd64_microsoft.windows.common-controls_6595b64144ccf1df_6.0.19041.3636_none_60b6a03d71f818d5\COMCTL32.dll
0x00007ffce7410000 - 0x00007ffce743b000 	C:\WINDOWS\System32\GDI32.dll
0x00007ffce5c60000 - 0x00007ffce5d77000 	C:\WINDOWS\System32\gdi32full.dll
0x00007ffce5b90000 - 0x00007ffce5c2d000 	C:\WINDOWS\System32\msvcp_win.dll
0x00007ffcdfde0000 - 0x00007ffcdfdea000 	C:\WINDOWS\SYSTEM32\VERSION.dll
0x00007ffce7440000 - 0x00007ffce7472000 	C:\WINDOWS\System32\IMM32.DLL
0x00007ffce0fb0000 - 0x00007ffce0fbc000 	C:\Program Files\Java\jdk-22\bin\vcruntime140_1.dll
0x00007ffcafd60000 - 0x00007ffcafdee000 	C:\Program Files\Java\jdk-22\bin\msvcp140.dll
0x00007ffc90940000 - 0x00007ffc91688000 	C:\Program Files\Java\jdk-22\bin\server\jvm.dll
0x00007ffce7650000 - 0x00007ffce76bb000 	C:\WINDOWS\System32\WS2_32.dll
0x00007ffce4cb0000 - 0x00007ffce4cfb000 	C:\WINDOWS\SYSTEM32\POWRPROF.dll
0x00007ffcd0e20000 - 0x00007ffcd0e47000 	C:\WINDOWS\SYSTEM32\WINMM.dll
0x00007ffce4b20000 - 0x00007ffce4b32000 	C:\WINDOWS\SYSTEM32\UMPDC.dll
0x00007ffce3590000 - 0x00007ffce35a2000 	C:\WINDOWS\SYSTEM32\kernel.appcore.dll
0x00007ffce0fa0000 - 0x00007ffce0faa000 	C:\Program Files\Java\jdk-22\bin\jimage.dll
0x00007ffcde180000 - 0x00007ffcde364000 	C:\WINDOWS\SYSTEM32\DBGHELP.DLL
0x00007ffcde080000 - 0x00007ffcde0b4000 	C:\WINDOWS\SYSTEM32\dbgcore.DLL
0x00007ffce5d80000 - 0x00007ffce5e02000 	C:\WINDOWS\System32\bcryptPrimitives.dll
0x00007ffcdd1a0000 - 0x00007ffcdd1be000 	C:\Program Files\Java\jdk-22\bin\java.dll
0x00007ffce60a0000 - 0x00007ffce680b000 	C:\WINDOWS\System32\SHELL32.dll
0x00007ffce7760000 - 0x00007ffce788b000 	C:\WINDOWS\System32\ole32.dll
0x00007ffce6820000 - 0x00007ffce6b73000 	C:\WINDOWS\System32\combase.dll
0x00007ffce37b0000 - 0x00007ffce3f4e000 	C:\WINDOWS\SYSTEM32\windows.storage.dll
0x00007ffce5150000 - 0x00007ffce517e000 	C:\WINDOWS\SYSTEM32\Wldp.dll
0x00007ffce7e70000 - 0x00007ffce7f3d000 	C:\WINDOWS\System32\OLEAUT32.dll
0x00007ffce75a0000 - 0x00007ffce764d000 	C:\WINDOWS\System32\SHCORE.dll
0x00007ffce72a0000 - 0x00007ffce72f5000 	C:\WINDOWS\System32\shlwapi.dll
0x00007ffce5650000 - 0x00007ffce5673000 	C:\WINDOWS\SYSTEM32\profapi.dll
0x00007ffcafdf0000 - 0x00007ffcafec7000 	C:\Program Files\Java\jdk-22\bin\jsvml.dll
0x00007ffce0f00000 - 0x00007ffce0f10000 	C:\Program Files\Java\jdk-22\bin\net.dll
0x00007ffce4eb0000 - 0x00007ffce4f1a000 	C:\WINDOWS\system32\mswsock.dll
0x00007ffcdcfa0000 - 0x00007ffcdcfb6000 	C:\Program Files\Java\jdk-22\bin\nio.dll
0x00007ffcd9e40000 - 0x00007ffcd9e57000 	C:\Program Files\Java\jdk-22\bin\zip.dll
0x00007ffc9aeb0000 - 0x00007ffc9b03e000 	C:\Program Files\Java\jdk-22\bin\awt.dll
0x00007ffce2ee0000 - 0x00007ffce2f70000 	C:\WINDOWS\SYSTEM32\apphelp.dll
0x00007ffce3020000 - 0x00007ffce30be000 	C:\WINDOWS\system32\uxtheme.dll
0x00007ffce7480000 - 0x00007ffce7595000 	C:\WINDOWS\System32\MSCTF.dll
0x00007ffce32a0000 - 0x00007ffce32cf000 	C:\WINDOWS\system32\DWMAPI.DLL
0x00007ffcafcd0000 - 0x00007ffcafd57000 	C:\Program Files\Java\jdk-22\bin\freetype.dll
0x00007ffca69b0000 - 0x00007ffca6a87000 	C:\Program Files\Java\jdk-22\bin\fontmanager.dll
0x00007ffcc4700000 - 0x00007ffcc4825000 	C:\WINDOWS\system32\opengl32.dll
0x00007ffcdf570000 - 0x00007ffcdf59c000 	C:\WINDOWS\SYSTEM32\GLU32.dll
0x00007ffce7d00000 - 0x00007ffce7da9000 	C:\WINDOWS\System32\clbcatq.dll
0x00007ffccce30000 - 0x00007ffcccfe4000 	C:\WINDOWS\SYSTEM32\WindowsCodecs.dll
0x00007ffcc4ab0000 - 0x00007ffcc4aee000 	C:\WINDOWS\system32\dataexchange.dll
0x00007ffce1cc0000 - 0x00007ffce1ea5000 	C:\WINDOWS\system32\dcomp.dll
0x00007ffce1a50000 - 0x00007ffce1cb3000 	C:\WINDOWS\system32\d3d11.dll
0x00007ffce3ff0000 - 0x00007ffce40e3000 	C:\WINDOWS\system32\dxgi.dll
0x00007ffcdf190000 - 0x00007ffcdf393000 	C:\WINDOWS\system32\twinapi.appcore.dll
0x00007ffccd040000 - 0x00007ffccd139000 	C:\WINDOWS\SYSTEM32\textinputframework.dll
0x00007ffce2de0000 - 0x00007ffce2ed2000 	C:\WINDOWS\System32\CoreMessaging.dll
0x00007ffce2950000 - 0x00007ffce2cab000 	C:\WINDOWS\System32\CoreUIComponents.dll
0x00007ffce4880000 - 0x00007ffce48b3000 	C:\WINDOWS\SYSTEM32\ntmarta.dll
0x00007ffce2470000 - 0x00007ffce25c7000 	C:\WINDOWS\SYSTEM32\wintypes.dll
0x00007ffce0ce0000 - 0x00007ffce0ce9000 	C:\Program Files\Java\jdk-22\bin\extnet.dll
0x00007ffce50a0000 - 0x00007ffce50b8000 	C:\WINDOWS\SYSTEM32\CRYPTSP.dll
0x00007ffce4760000 - 0x00007ffce4794000 	C:\WINDOWS\system32\rsaenh.dll
0x00007ffce5610000 - 0x00007ffce563e000 	C:\WINDOWS\SYSTEM32\USERENV.dll
0x00007ffce50c0000 - 0x00007ffce50cc000 	C:\WINDOWS\SYSTEM32\CRYPTBASE.dll
0x00007ffce4b40000 - 0x00007ffce4b7b000 	C:\WINDOWS\SYSTEM32\IPHLPAPI.DLL
0x00007ffce7f40000 - 0x00007ffce7f48000 	C:\WINDOWS\System32\NSI.dll
0x00007ffcdd340000 - 0x00007ffcdd34e000 	C:\Program Files\Java\jdk-22\bin\sunmscapi.dll
0x00007ffce5e10000 - 0x00007ffce5f6e000 	C:\WINDOWS\System32\CRYPT32.dll
0x00007ffce51c0000 - 0x00007ffce51e8000 	C:\WINDOWS\SYSTEM32\ncrypt.dll
0x00007ffce5180000 - 0x00007ffce51bb000 	C:\WINDOWS\SYSTEM32\NTASN1.dll

dbghelp: loaded successfully - version: 4.0.5 - missing functions: none
symbol engine: initialized successfully - sym options: 0x614 - pdb path: .;C:\Program Files\Java\jdk-22\bin;C:\WINDOWS\SYSTEM32;C:\WINDOWS\WinSxS\amd64_microsoft.windows.common-controls_6595b64144ccf1df_6.0.19041.3636_none_60b6a03d71f818d5;C:\Program Files\Java\jdk-22\bin\server

VM Arguments:
jvm_args: -Dfile.encoding=UTF-8 --module-path=C:\Users\DELL\Desktop\Theodore\Computer Science\Year 2 Semester 1\PRG621S\Food Ordering System\build\classes 
java_command: food.ordering.system.Login
java_class_path (initial): C:\Users\DELL\Desktop\Theodore\Computer Science\Year 2 Semester 1\PRG621S\Food Ordering System\lib\absolutelayout\AbsoluteLayout.jar;C:\Users\DELL\Desktop\Theodore\Computer Science\Year 2 Semester 1\PRG621S\Food Ordering System\lib\mysql-connector-j-8.0.33.jar;C:\Users\DELL\Desktop\Theodore\Computer Science\Year 2 Semester 1\PRG621S\Food Ordering System\lib\itext.jar;C:\Users\DELL\Desktop\Theodore\Computer Science\Year 2 Semester 1\PRG621S\Food Ordering System\build\classes
Launcher Type: SUN_STANDARD

[Global flags]
     intx CICompilerCount                          = 4                                         {product} {ergonomic}
     uint ConcGCThreads                            = 2                                         {product} {ergonomic}
     uint G1ConcRefinementThreads                  = 8                                         {product} {ergonomic}
   size_t G1HeapRegionSize                         = 2097152                                   {product} {ergonomic}
   size_t InitialHeapSize                          = 266338304                                 {product} {ergonomic}
   size_t MarkStackSize                            = 4194304                                   {product} {ergonomic}
   size_t MaxHeapSize                              = 4232052736                                {product} {ergonomic}
   size_t MaxNewSize                               = 2537553920                                {product} {ergonomic}
   size_t MinHeapDeltaBytes                        = 2097152                                   {product} {ergonomic}
   size_t MinHeapSize                              = 8388608                                   {product} {ergonomic}
    uintx NonNMethodCodeHeapSize                   = 5839372                                {pd product} {ergonomic}
    uintx NonProfiledCodeHeapSize                  = 122909434                              {pd product} {ergonomic}
    uintx ProfiledCodeHeapSize                     = 122909434                              {pd product} {ergonomic}
    uintx ReservedCodeCacheSize                    = 251658240                              {pd product} {ergonomic}
     bool SegmentedCodeCache                       = true                                      {product} {ergonomic}
   size_t SoftMaxHeapSize                          = 4232052736                             {manageable} {ergonomic}
     bool UseCompressedOops                        = true                           {product lp64_product} {ergonomic}
     bool UseG1GC                                  = true                                      {product} {ergonomic}
     bool UseLargePagesIndividualAllocation        = false                                  {pd product} {ergonomic}

Logging:
Log output configuration:
 #0: stdout all=warning uptime,level,tags foldmultilines=false
 #1: stderr all=off uptime,level,tags foldmultilines=false

Environment Variables:
JAVA_HOME=C:\Users\DELL\AppData\Local\Programs\Eclipse Adoptium\jdk-17.0.7.7-hotspot\
PATH=C:\Program Files (x86)\VMware\VMware Workstation\bin\;C:\Program Files\Common Files\Oracle\Java\javapath;C:\Program Files (x86)\Common Files\Oracle\Java\javapath;C:\WINDOWS\system32;C:\WINDOWS;C:\WINDOWS\System32\Wbem;C:\WINDOWS\System32\WindowsPowerShell\v1.0\;C:\WINDOWS\System32\OpenSSH\;C:\Program Files (x86)\Microsoft SQL Server\160\Tools\Binn\;C:\Program Files\Microsoft SQL Server\160\Tools\Binn\;C:\Program Files\Microsoft SQL Server\Client SDK\ODBC\170\Tools\Binn\;C:\Program Files\Microsoft SQL Server\160\DTS\Binn\;C:\Program Files (x86)\Microsoft SQL Server\160\DTS\Binn\;C:\Program Files\Azure Data Studio\bin;C:\Program Files\Git\cmd;C:\Users\DELL\AppData\Local\Programs\Eclipse Adoptium\jdk-17.0.7.7-hotspot\bin;C:\Users\DELL\AppData\Local\Microsoft\WindowsApps;C:\Users\DELL\AppData\Local\Programs\Microsoft VS Code\bin;C:\Users\DELL\AppData\Local\JetBrains\Toolbox\scripts;;C:\Program Files\JetBrains\IntelliJ IDEA Community Edition 2023.1.3\bin;;C:\Program Files\Azure Data Studio\bin
USERNAME=DELL
OS=Windows_NT
PROCESSOR_IDENTIFIER=Intel64 Family 6 Model 142 Stepping 11, GenuineIntel
TMP=C:\Users\DELL\AppData\Local\Temp
TEMP=C:\Users\DELL\AppData\Local\Temp




Periodic native trim disabled

---------------  S Y S T E M  ---------------

OS:
 Windows 10 , 64 bit Build 19041 (10.0.19041.3636)
OS uptime: 15 days 0:42 hours

CPU: total 8 (initial active 8) (4 cores per cpu, 2 threads per core) family 6 model 142 stepping 11 microcode 0xf0, cx8, cmov, fxsr, ht, mmx, 3dnowpref, sse, sse2, sse3, ssse3, sse4.1, sse4.2, popcnt, lzcnt, tsc, tscinvbit, avx, avx2, aes, erms, clmul, bmi1, bmi2, adx, fma, vzeroupper, clflush, clflushopt, rdtscp, f16c
Processor Information for all 8 processors :
  Max Mhz: 1992, Current Mhz: 1792, Mhz Limit: 1792

Memory: 4k page, system-wide physical 16142M (2814M free)
TotalPageFile size 46586M (AvailPageFile size 4M)
current process WorkingSet (physical memory assigned to process): 135M, peak: 135M
current process commit charge ("private bytes"): 386M, peak: 386M

vm_info: Java HotSpot(TM) 64-Bit Server VM (22+36-2370) for windows-amd64 JRE (22+36-2370), built on 2024-02-15T22:15:19Z by "mach5one" with MS VC++ 17.6 (VS2022)

END.
